<?xml version="1.0" encoding="UTF-8"?>
<!-- Generated by org.testng.reporters.JUnitReportReporter -->
<testsuite skipped="0" hostname="Prabhani-PC" name="SeleniumBasics.SearchGoogle" tests="1" failures="0" timestamp="02 Sep 2018 11:46:34 GMT" time="10.344" errors="0">
  <testcase name="testSearch" time="10.344" classname="SeleniumBasics.SearchGoogle"/>
</testsuite> <!-- SeleniumBasics.SearchGoogle -->
